<?xml version="1.0" encoding="UTF-8"?>
<!-- Generated by org.testng.reporters.JUnitReportReporter -->
<testsuite hostname="DESKTOP-VKC3IK2" failures="0" tests="2" name="tests.login.LoginTest" time="9.376" errors="0" timestamp="12 Sep 2021 11:13:52 GMT" skipped="0">
  <testcase classname="tests.login.LoginTest" name="verifyInvalidLoginAttempt" time="3.228"/>
  <testcase classname="tests.login.LoginTest" name="verifyValidLoginAttempt" time="6.148"/>
</testsuite> <!-- tests.login.LoginTest -->
