<?xml version="1.0" encoding="UTF-8"?>
<!-- Generated by org.testng.reporters.JUnitReportReporter -->
<testsuite hostname="LAPTOP-R27S5VH3" failures="0" tests="1" name="tests.quiz.QuizTest" time="5.739" errors="0" timestamp="22 Jan 2022 14:11:42 GMT" skipped="0">
  <testcase classname="tests.quiz.QuizTest" name="hotSpotBanana" time="5.739"/>
</testsuite> <!-- tests.quiz.QuizTest -->
