<?xml version="1.0" encoding="UTF-8"?>
<!-- Generated by org.testng.reporters.JUnitReportReporter -->
<testsuite hostname="DESKTOP-VKC3IK2" failures="0" tests="4" name="tests.employee.EmployeeTest" time="41.529" errors="0" timestamp="12 Sep 2021 11:13:52 GMT" skipped="0">
  <testcase classname="tests.employee.EmployeeTest" name="verifyByAddingUserDetails" time="15.160"/>
  <testcase classname="tests.employee.EmployeeTest" name="verifyByUploadingInvalidExtensionPhotograph" time="4.476"/>
  <testcase classname="tests.employee.EmployeeTest" name="verifyUploadingMoreThan1MbFile" time="17.710"/>
  <testcase classname="tests.employee.EmployeeTest" name="verifyBySearchingExistingEmployee" time="4.183"/>
</testsuite> <!-- tests.employee.EmployeeTest -->
