<?xml version="1.0" encoding="UTF-8"?>
<!-- Generated by org.testng.reporters.JUnitReportReporter -->
<testsuite hostname="DESKTOP-VKC3IK2" failures="0" tests="1" name="tests.employee.EmployeeTest" time="27.323" errors="0" timestamp="12 Sep 2021 05:58:16 GMT" skipped="0">
  <testcase classname="tests.employee.EmployeeTest" name="verifyByAddingUserDetails" time="27.323"/>
</testsuite> <!-- tests.employee.EmployeeTest -->
