<?xml version="1.0" encoding="UTF-8"?>
<!-- Generated by org.testng.reporters.JUnitReportReporter -->
<testsuite hostname="DESKTOP-VKC3IK2" failures="0" tests="1" name="tests.login.LoginTest" time="2.596" errors="0" timestamp="12 Sep 2021 05:58:16 GMT" skipped="0">
  <testcase classname="tests.login.LoginTest" name="verifyInvalidLoginAttempt" time="2.596"/>
</testsuite> <!-- tests.login.LoginTest -->
